[68, 17-01-2021_17-28-27] "Test Juden Banana",CheckResponds(swars=[CheckMatch(found=jude, startIndex=0, endIndex=2)], adds=[], containsSpam=false, checkID=68)
[17-01-2021_17-29-05] (68) "Test Juden Banana",CheckResponds(swars=[CheckMatch(found=jude, startIndex=0, endIndex=2)], adds=[], containsSpam=false, checkID=68)
[17-01-2021_17-29-33] (68) Test Juden Banana: CheckResponds(swars=[CheckMatch(found=jude, startIndex=0, endIndex=2)], adds=[], containsSpam=false, checkID=68)
[17-01-2021_17-29-37] (68) Test Juden Banana : CheckResponds(swars=[CheckMatch(found=jude, startIndex=0, endIndex=2)], adds=[], containsSpam=false, checkID=68)
[17-01-2021_17-41-20] (68) test : CheckResponds(swars=[], adds=[], containsSpam=false, checkID=68)
[17-01-2021_17-41-36] (68) test : CheckResponds(swars=[], adds=[], containsSpam=false, checkID=68)
[17-01-2021_17-41-37] (69) test : CheckResponds(swars=[], adds=[], containsSpam=false, checkID=69)
[17-01-2021_17-41-38] (70) test : CheckResponds(swars=[], adds=[], containsSpam=false, checkID=70)
[17-01-2021_17-41-39] (71) test : CheckResponds(swars=[], adds=[], containsSpam=false, checkID=71)
[17-01-2021_17-41-48] (72) IchBinDoofWoIstMeinEssen : CheckResponds(swars=[CheckMatch(found=doof, startIndex=0, endIndex=1)], adds=[], containsSpam=false, checkID=72)
[17-01-2021_17-42-18] (73) IchBinDoofWoIstMeinEssen : CheckResponds(swars=[CheckMatch(found=doof, startIndex=1, endIndex=1)], adds=[], containsSpam=false, checkID=73)
[17-01-2021_17-42-37] (74) IchBinDoofWoIstMeinEssen : CheckResponds(swars=[CheckMatch(found=doof, startIndex=0, endIndex=0)], adds=[], containsSpam=false, checkID=74)
[17-01-2021_17-50-00] (68) IchBinDoofWoIstMeinEssen : CheckResponds(rawMessage=IchBinDoofWoIstMeinEssen, swars=[CheckMatch(found=doof, startIndex=0, endIndex=0)], adds=[], containsSpam=false, checkID=68)
[17-01-2021_17-50-16] (69) IchBinDoofWoIstMeinEssen : CheckResponds(rawMessage=IchBinDoofWoIstMeinEssen, swars=[CheckMatch(found=doof, startIndex=0, endIndex=0)], adds=[], containsSpam=false, checkID=69)
[17-01-2021_17-50-19] (70) doof : CheckResponds(rawMessage=doof, swars=[CheckMatch(found=doof, startIndex=0, endIndex=0)], adds=[], containsSpam=false, checkID=70)
[17-01-2021_17-50-50] (71) doof : CheckResponds(rawMessage=doof, swars=[CheckMatch(found=doof, startIndex=0, endIndex=0)], adds=[], containsSpam=false, checkID=71)
[17-01-2021_17-50-51] (72) doof : CheckResponds(rawMessage=doof, swars=[CheckMatch(found=doof, startIndex=0, endIndex=0)], adds=[], containsSpam=false, checkID=72)
[17-01-2021_17-50-58] (73) doof : CheckResponds(rawMessage=doof, swars=[CheckMatch(found=doof, startIndex=0, endIndex=0)], adds=[], containsSpam=false, checkID=73)
[17-01-2021_17-51-03] (74) doof : CheckResponds(rawMessage=doof, swars=[CheckMatch(found=doof, startIndex=0, endIndex=0)], adds=[], containsSpam=false, checkID=74)
[17-01-2021_17-51-10] (75) werbung.de : CheckResponds(rawMessage=werbung.de, swars=[], adds=[CheckMatch(found=.de, startIndex=0, endIndex=1)], containsSpam=false, checkID=75)
[17-01-2021_17-51-24] (76) werbung : CheckResponds(rawMessage=werbung, swars=[], adds=[], containsSpam=false, checkID=76)
[17-01-2021_17-51-29] (77) Ich : CheckResponds(rawMessage=Ich, swars=[], adds=[], containsSpam=false, checkID=77)
[17-01-2021_17-51-32] (78) Ich Bin : CheckResponds(rawMessage=Ich Bin, swars=[], adds=[], containsSpam=false, checkID=78)
[17-01-2021_17-51-45] (79) Ich Bin der doof hier da ich doof bin : CheckResponds(rawMessage=Ich Bin der doof hier da ich doof bin, swars=[CheckMatch(found=doof, startIndex=1, endIndex=0), CheckMatch(found=doof, startIndex=3, endIndex=1)], adds=[], containsSpam=false, checkID=79)
[17-01-2021_17-51-54] (80) Ich Bin der doof hier da ich Jude bin : CheckResponds(rawMessage=Ich Bin der doof hier da ich Jude bin, swars=[CheckMatch(found=jude, startIndex=0, endIndex=2), CheckMatch(found=doof, startIndex=1, endIndex=0)], adds=[], containsSpam=false, checkID=80)
[17-01-2021_17-51-59] (81) Jajaja : CheckResponds(rawMessage=Jajaja, swars=[], adds=[], containsSpam=false, checkID=81)
[17-01-2021_17-54-01] (68) Ju!de : CheckResponds(rawMessage=Ju!de, swars=[CheckMatch(found=jude, startIndex=0, endIndex=0)], adds=[], containsSpam=false, checkID=68)
[17-01-2021_17-54-12] (69) Ju!de : CheckResponds(rawMessage=Ju!de, swars=[CheckMatch(found=jude, startIndex=0, endIndex=0)], adds=[], containsSpam=false, checkID=69)
[17-01-2021_17-54-25] (70) Ju!de : CheckResponds(rawMessage=Ju!de, swars=[CheckMatch(found=jude, startIndex=0, endIndex=0)], adds=[], containsSpam=false, checkID=70)
[17-01-2021_18-28-47] (68) Ju!de : CheckResponds(rawMessage=Ju!de, swars=[CheckMatch(found=jude, startIndex=0, endIndex=0)], adds=[], containsSpam=false, checkID=68)
[17-01-2021_18-28-55] (69) Ju!de : CheckResponds(rawMessage=Ju!de, swars=[CheckMatch(found=jude, startIndex=0, endIndex=0)], adds=[], containsSpam=false, checkID=69)
[17-01-2021_18-29-05] (70) Ju!de : CheckResponds(rawMessage=Ju!de, swars=[], adds=[], containsSpam=false, checkID=70)
[17-01-2021_18-29-12] (71) Ju!de : CheckResponds(rawMessage=Ju!de, swars=[CheckMatch(found=jude, startIndex=0, endIndex=0)], adds=[], containsSpam=false, checkID=71)
[17-01-2021_18-29-26] (72) Ju!de : CheckResponds(rawMessage=Ju!de, swars=[CheckMatch(found=jude, startIndex=0, endIndex=0)], adds=[], containsSpam=false, checkID=72)
[17-01-2021_18-29-30] (73) Ju!de : CheckResponds(rawMessage=Ju!de, swars=[CheckMatch(found=jude, startIndex=0, endIndex=0)], adds=[], containsSpam=false, checkID=73)
[17-01-2021_18-29-33] (74) Ju!de : CheckResponds(rawMessage=Ju!de, swars=[CheckMatch(found=jude, startIndex=0, endIndex=0)], adds=[], containsSpam=false, checkID=74)
[17-01-2021_18-29-53] (75) Ju!de : CheckResponds(rawMessage=Ju!de, swars=[CheckMatch(found=jude, startIndex=0, endIndex=0)], adds=[], containsSpam=false, checkID=75)
[17-01-2021_18-29-55] (76) Ju!de : CheckResponds(rawMessage=Ju!de, swars=[CheckMatch(found=jude, startIndex=0, endIndex=0)], adds=[], containsSpam=false, checkID=76)
[17-01-2021_18-29-58] (77) Ju!de : CheckResponds(rawMessage=Ju!de, swars=[CheckMatch(found=jude, startIndex=0, endIndex=0)], adds=[], containsSpam=false, checkID=77)
[17-01-2021_18-42-31] (68) Ju!de : CheckResponds(rawMessage=Ju!de, swars=[CheckMatch(found=jude, startIndex=0, endIndex=0)], adds=[], containsSpam=false, checkID=68)
[17-01-2021_18-42-35] (69) Ju!de : CheckResponds(rawMessage=Ju!de, swars=[CheckMatch(found=jude, startIndex=0, endIndex=0)], adds=[], containsSpam=false, checkID=69)
[17-01-2021_18-42-36] (70) Ju!de : CheckResponds(rawMessage=Ju!de, swars=[CheckMatch(found=jude, startIndex=0, endIndex=0)], adds=[], containsSpam=false, checkID=70)
[17-01-2021_18-42-52] (68) Ju!de : CheckResponds(rawMessage=Ju!de, swars=[CheckMatch(found=jude, startIndex=0, endIndex=0)], adds=[], containsSpam=false, checkID=68)
[17-01-2021_18-43-00] (69) Ju!de : CheckResponds(rawMessage=Ju!de, swars=[CheckMatch(found=jude, startIndex=0, endIndex=0)], adds=[], containsSpam=false, checkID=69)
[17-01-2021_18-47-12] (70) Ju!de : CheckResponds(rawMessage=Ju!de, swars=[CheckMatch(found=jude, startIndex=0, endIndex=0)], adds=[], containsSpam=false, checkID=70)
[17-01-2021_18-47-14] (71) Ju!de : CheckResponds(rawMessage=Ju!de, swars=[CheckMatch(found=jude, startIndex=0, endIndex=0)], adds=[], containsSpam=false, checkID=71)
[17-01-2021_18-47-16] (72) Ju!de : CheckResponds(rawMessage=Ju!de, swars=[CheckMatch(found=jude, startIndex=0, endIndex=0)], adds=[], containsSpam=false, checkID=72)
[17-01-2021_18-47-18] (73) Ju!de : CheckResponds(rawMessage=Ju!de, swars=[CheckMatch(found=jude, startIndex=0, endIndex=0)], adds=[], containsSpam=false, checkID=73)
[17-01-2021_19-36-08] (74) Ju!de : CheckResponds(rawMessage=Ju!de, swars=[CheckMatch(found=jude, startIndex=0, endIndex=0)], adds=[], containsSpam=false, checkID=74)
[17-01-2021_19-36-14] (75) Ju!de : CheckResponds(rawMessage=Ju!de, swars=[CheckMatch(found=jude, startIndex=0, endIndex=0)], adds=[], containsSpam=false, checkID=75)
[17-01-2021_19-36-20] (76) Ju!de : CheckResponds(rawMessage=Ju!de, swars=[CheckMatch(found=jude, startIndex=0, endIndex=0)], adds=[], containsSpam=false, checkID=76)
[17-01-2021_19-36-24] (77) Ju!de : CheckResponds(rawMessage=Ju!de, swars=[CheckMatch(found=jude, startIndex=0, endIndex=0)], adds=[], containsSpam=false, checkID=77)
